# JRE version: OpenJDK Runtime Environment (17.0.0.1+2) (build 17.0.0.1+2-3)
# Java VM: OpenJDK 64-Bit Server VM (17.0.0.1+2-3, mixed mode, sharing, tiered, compressed oops, compressed class ptrs, g1 gc, windows-amd64)
GC Precious Log:
 CPUs: 8 total, 8 available
 Memory: 7926M
 Large Page Support: Disabled
 NUMA Support: Disabled
 Compressed Oops: Enabled (32-bit)
 Heap Region Size: 1M
 Heap Min Capacity: 8M
 Heap Initial Capacity: 124M
 Heap Max Capacity: 2G
 Pre-touch: Disabled
 Parallel Workers: 8
 Concurrent Workers: 2
 Concurrent Refinement Workers: 8
 Periodic GC: Disabled
Heap:
 garbage-first heap   total 296960K, used 164572K [0x0000000080000000, 0x0000000100000000)
  region size 1024K, 11 young (11264K), 11 survivors (11264K)
 Metaspace       used 105391K, committed 106560K, reserved 1146880K
  class space    used 14691K, committed 15296K, reserved 1048576K
GC Heap History (20 events):
Event: 38.910 GC heap after
{Heap after GC invocations=32 (full 0):
 garbage-first heap   total 286720K, used 129639K [0x0000000080000000, 0x0000000100000000)
  region size 1024K, 6 young (6144K), 6 survivors (6144K)
 Metaspace       used 98324K, committed 99264K, reserved 1138688K
  class space    used 13737K, committed 14208K, reserved 1048576K
}
Event: 39.955 GC heap before
{Heap before GC invocations=32 (full 0):
 garbage-first heap   total 286720K, used 228967K [0x0000000080000000, 0x0000000100000000)
  region size 1024K, 104 young (106496K), 6 survivors (6144K)
 Metaspace       used 98874K, committed 99840K, reserved 1138688K
  class space    used 13843K, committed 14272K, reserved 1048576K
}
Event: 39.974 GC heap after
{Heap after GC invocations=33 (full 0):
 garbage-first heap   total 286720K, used 133319K [0x0000000080000000, 0x0000000100000000)
  region size 1024K, 10 young (10240K), 10 survivors (10240K)
 Metaspace       used 98874K, committed 99840K, reserved 1138688K
  class space    used 13843K, committed 14272K, reserved 1048576K
}
Event: 41.245 GC heap before
{Heap before GC invocations=33 (full 0):
 garbage-first heap   total 286720K, used 230599K [0x0000000080000000, 0x0000000100000000)
  region size 1024K, 106 young (108544K), 10 survivors (10240K)
 Metaspace       used 99188K, committed 100160K, reserved 1138688K
  class space    used 13866K, committed 14336K, reserved 1048576K
}
Event: 41.256 GC heap after
{Heap after GC invocations=34 (full 0):
 garbage-first heap   total 286720K, used 137914K [0x0000000080000000, 0x0000000100000000)
  region size 1024K, 11 young (11264K), 11 survivors (11264K)
 Metaspace       used 99188K, committed 100160K, reserved 1138688K
  class space    used 13866K, committed 14336K, reserved 1048576K
}
Event: 41.886 GC heap before
{Heap before GC invocations=34 (full 0):
 garbage-first heap   total 286720K, used 232122K [0x0000000080000000, 0x0000000100000000)
  region size 1024K, 104 young (106496K), 11 survivors (11264K)
 Metaspace       used 99452K, committed 100416K, reserved 1138688K
  class space    used 13899K, committed 14336K, reserved 1048576K
}
Event: 41.897 GC heap after
{Heap after GC invocations=35 (full 0):
 garbage-first heap   total 286720K, used 141335K [0x0000000080000000, 0x0000000100000000)
  region size 1024K, 7 young (7168K), 7 survivors (7168K)
 Metaspace       used 99452K, committed 100416K, reserved 1138688K
  class space    used 13899K, committed 14336K, reserved 1048576K
}
Event: 44.086 GC heap before
{Heap before GC invocations=35 (full 0):
 garbage-first heap   total 286720K, used 233495K [0x0000000080000000, 0x0000000100000000)
  region size 1024K, 98 young (100352K), 7 survivors (7168K)
 Metaspace       used 103477K, committed 104512K, reserved 1138688K
  class space    used 14423K, committed 14912K, reserved 1048576K
}
Event: 44.098 GC heap after
{Heap after GC invocations=36 (full 0):
 garbage-first heap   total 286720K, used 146373K [0x0000000080000000, 0x0000000100000000)
  region size 1024K, 12 young (12288K), 12 survivors (12288K)
 Metaspace       used 103477K, committed 104512K, reserved 1138688K
  class space    used 14423K, committed 14912K, reserved 1048576K
}
Event: 44.775 GC heap before
{Heap before GC invocations=37 (full 0):
 garbage-first heap   total 286720K, used 233413K [0x0000000080000000, 0x0000000100000000)
  region size 1024K, 98 young (100352K), 12 survivors (12288K)
 Metaspace       used 103489K, committed 104640K, reserved 1146880K
  class space    used 14427K, committed 14976K, reserved 1048576K
}
Event: 44.790 GC heap after
{Heap after GC invocations=38 (full 0):
 garbage-first heap   total 286720K, used 148573K [0x0000000080000000, 0x0000000100000000)
  region size 1024K, 5 young (5120K), 5 survivors (5120K)
 Metaspace       used 103489K, committed 104640K, reserved 1146880K
  class space    used 14427K, committed 14976K, reserved 1048576K
}
Event: 44.832 GC heap before
{Heap before GC invocations=38 (full 0):
 garbage-first heap   total 286720K, used 156765K [0x0000000080000000, 0x0000000100000000)
  region size 1024K, 14 young (14336K), 5 survivors (5120K)
 Metaspace       used 103489K, committed 104640K, reserved 1146880K
  class space    used 14427K, committed 14976K, reserved 1048576K
}
Event: 44.838 GC heap after
{Heap after GC invocations=39 (full 0):
 garbage-first heap   total 286720K, used 146166K [0x0000000080000000, 0x0000000100000000)
  region size 1024K, 2 young (2048K), 2 survivors (2048K)
 Metaspace       used 103489K, committed 104640K, reserved 1146880K
  class space    used 14427K, committed 14976K, reserved 1048576K
}
Event: 45.363 GC heap before
{Heap before GC invocations=39 (full 0):
 garbage-first heap   total 286720K, used 236278K [0x0000000080000000, 0x0000000100000000)
  region size 1024K, 91 young (93184K), 2 survivors (2048K)
 Metaspace       used 103494K, committed 104640K, reserved 1146880K
  class space    used 14427K, committed 14976K, reserved 1048576K
}
Event: 45.371 GC heap after
{Heap after GC invocations=40 (full 0):
 garbage-first heap   total 286720K, used 148929K [0x0000000080000000, 0x0000000100000000)
  region size 1024K, 5 young (5120K), 5 survivors (5120K)
 Metaspace       used 103494K, committed 104640K, reserved 1146880K
  class space    used 14427K, committed 14976K, reserved 1048576K
}
Event: 100.400 GC heap before
{Heap before GC invocations=41 (full 0):
 garbage-first heap   total 286720K, used 239041K [0x0000000080000000, 0x0000000100000000)
  region size 1024K, 93 young (95232K), 5 survivors (5120K)
 Metaspace       used 104944K, committed 106112K, reserved 1146880K
  class space    used 14674K, committed 15296K, reserved 1048576K
}
Event: 100.466 GC heap after
{Heap after GC invocations=42 (full 0):
 garbage-first heap   total 286720K, used 154275K [0x0000000080000000, 0x0000000100000000)
  region size 1024K, 10 young (10240K), 10 survivors (10240K)
 Metaspace       used 104944K, committed 106112K, reserved 1146880K
  class space    used 14674K, committed 15296K, reserved 1048576K
}
Event: 100.479 GC heap before
{Heap before GC invocations=42 (full 0):
 garbage-first heap   total 286720K, used 158371K [0x0000000080000000, 0x0000000100000000)
  region size 1024K, 14 young (14336K), 10 survivors (10240K)
 Metaspace       used 104945K, committed 106112K, reserved 1146880K
  class space    used 14674K, committed 15296K, reserved 1048576K
}
Event: 100.509 GC heap after
{Heap after GC invocations=43 (full 0):
 garbage-first heap   total 286720K, used 153669K [0x0000000080000000, 0x0000000100000000)
  region size 1024K, 2 young (2048K), 2 survivors (2048K)
 Metaspace       used 104945K, committed 106112K, reserved 1146880K
  class space    used 14674K, committed 15296K, reserved 1048576K
}
Event: 106.045 GC heap before
{Heap before GC invocations=43 (full 0):
 garbage-first heap   total 286720K, used 239685K [0x0000000080000000, 0x0000000100000000)
  region size 1024K, 86 young (88064K), 2 survivors (2048K)
 Metaspace       used 105391K, committed 106560K, reserved 1146880K
  class space    used 14691K, committed 15296K, reserved 1048576K
}

